<?xml version="1.0" encoding="UTF-8"?>
<!-- Generated by org.testng.reporters.JUnitReportReporter -->
<testsuite hostname="DESKTOP-A7A8192" failures="0" tests="1" name="scripts.Testcase2" time="13.463" errors="0" timestamp="2022-09-12T22:59:45 IST" skipped="0">
  <testcase classname="scripts.Testcase2" name="tc2" time="13.463"/>
  <system-out/>
</testsuite> <!-- scripts.Testcase2 -->
