<?xml version="1.0" encoding="UTF-8"?>
<!-- Generated by org.testng.reporters.JUnitReportReporter -->
<testsuite hostname="DESKTOP-A7A8192" failures="0" tests="1" name="scripts.Testcase1" time="7.211" errors="0" timestamp="2022-09-12T22:59:45 IST" skipped="0">
  <testcase classname="scripts.Testcase1" name="tc1" time="7.211"/>
  <system-out/>
</testsuite> <!-- scripts.Testcase1 -->
