<?xml version="1.0" encoding="UTF-8"?>
<!-- Generated by org.testng.reporters.JUnitReportReporter -->
<testsuite hostname="DESKTOP-A7A8192" failures="0" tests="1" name="scripts.Testcase3" time="51.305" errors="0" timestamp="2022-09-10T20:23:01 IST" skipped="0">
  <testcase classname="scripts.Testcase3" name="tc3" time="51.305"/>
  <system-out/>
</testsuite> <!-- scripts.Testcase3 -->
